app/build/outputs/mapping/release/seeds.txt
org.markazabuhurayrah.kanzatfaal.DelegationService
org.markazabuhurayrah.kanzatfaal.LauncherActivity
org.markazabuhurayrah.kanzatfaal.Application
org.markazabuhurayrah.kanzatfaal.LauncherActivity: LauncherActivity()
org.markazabuhurayrah.kanzatfaal.DelegationService: DelegationService()
org.markazabuhurayrah.kanzatfaal.Application: Application()
...
androidx.appcompat.widget.AppCompatImageView: android.graphics.PorterDuff$Mode getSupportBackgroundTintMode()
androidx.appcompat.widget.Toolbar: void setTitleMarginBottom(int)
androidx.appcompat.widget.ButtonBarLayout: ButtonBarLayout(android.content.Context,android.util.AttributeSet)
androidx.core.view.ViewParentCompat$Api21Impl: boolean onStartNestedScroll(android.view.ViewParent,android.view.View,android.view.View,int)
androidx.appcompat.widget.AppCompatImageButton: void setSupportBackgroundTintMode(android.graphics.PorterDuff$Mode)
androidx.core.widget.ImageViewCompat$Api21Impl: android.content.res.ColorStateList getImageTintList(android.widget.ImageView)
androidx.vectordrawable.graphics.drawable.VectorDrawableCompat$VPath: androidx.core.graphics.PathParser$PathDataNode[] getPathData()
androidx.appcompat.widget.Toolbar: android.view.MenuInflater getMenuInflater()
androidx.appcompat.widget.AppCompatImageView: void setImageBitmap(android.graphics.Bitmap)
androidx.vectordrawable.graphics.drawable.VectorDrawableCompat$VPath: void setPathData(androidx.core.graphics.PathParser$PathDataNode[])
androidx.core.view.VelocityTrackerCompat$Api34Impl: float getAxisVelocity(android.view.VelocityTracker,int)
androidx.appcompat.widget.Toolbar: int getContentInsetEndWithActions()
androidx.core.view.ViewConfigurationCompat$Api34Impl: int getScaledMinimumFlingVelocity(android.view.ViewConfiguration,int,int,int)
androidx.core.view.WindowInsetsCompat$Impl: androidx.core.view.WindowInsetsCompat consumeStableInsets()
androidx.core.view.accessibility.AccessibilityNodeInfoCompat$Api30Impl: void setStateDescription(android.view.accessibility.AccessibilityNodeInfo,java.lang.CharSequence)
androidx.appcompat.widget.AppCompatImageView: android.content.res.ColorStateList getSupportImageTintList()
androidx.appcompat.widget.Toolbar: android.view.Menu getMenu()
androidx.core.widget.TextViewCompat$Api28Impl: java.lang.CharSequence castToCharSequence(android.text.PrecomputedText)
androidx.appcompat.widget.Toolbar: java.lang.CharSequence getLogoDescription()
androidx.appcompat.view.menu.ActionMenuItemView: void setIcon(android.graphics.drawable.Drawable)
androidx.core.content.res.FontResourcesParserCompat$Api21Impl: int getType(android.content.res.TypedArray,int)
androidx.core.view.WindowInsetsCompat$BuilderImpl29: void setSystemGestureInsets(androidx.core.graphics.Insets)
androidx.vectordrawable.graphics.drawable.VectorDrawableCompat$VFullPath: float getStrokeAlpha()
androidx.core.view.ViewCompat$Api21Impl: void setZ(android.view.View,float)
androidx.appcompat.widget.LinearLayoutCompat: void setDividerDrawable(android.graphics.drawable.Drawable)
androidx.core.view.ViewCompat$Api21Impl: androidx.core.view.WindowInsetsCompat computeSystemWindowInsets(android.view.View,androidx.core.view.WindowInsetsCompat,android.graphics.Rect)
androidx.appcompat.widget.AppCompatTextViewAutoSizeHelper$Impl: void computeAndSetTextDirection(android.text.StaticLayout$Builder,android.widget.TextView)
androidx.appcompat.app.AlertController$RecycleListView: AlertController$RecycleListView(android.content.Context,android.util.AttributeSet)
androidx.appcompat.widget.AppCompatTextView: void setPrecomputedText(androidx.core.text.PrecomputedTextCompat)
androidx.appcompat.widget.Toolbar: void setTitleTextColor(android.content.res.ColorStateList)
androidx.core.view.WindowInsetsCompat$Impl: androidx.core.graphics.Insets getSystemGestureInsets()
androidx.appcompat.widget.AppCompatTextView: android.content.res.ColorStateList getSupportCompoundDrawablesTintList()
androidx.appcompat.widget.AppCompatImageButton: android.content.res.ColorStateList getSupportBackgroundTintList()
androidx.core.view.MenuItemCompat$Api26Impl: int getAlphabeticModifiers(android.view.MenuItem)
androidx.appcompat.widget.AppCompatAutoCompleteTextView: void setCustomSelectionActionModeCallback(android.view.ActionMode$Callback)