app/build/outputs/mapping/release/mapping.txt
# compiler: R8
# compiler_version: 8.9.32
# min_api: 21
# common_typos_disable
# {"id":"com.android.tools.r8.mapping","version":"2.2"}
# pg_map_id: f1df709
# pg_map_hash: SHA-256 f1df7098d039e563e28b0c4de78dcd18885abb5f388ede7fce22d2550d6f4633
org.markazabuhurayrah.kanzatfaal.Application -> org.markazabuhurayrah.kanzatfaal.Application:
# {"id":"sourceFile","fileName":"Application.java"}
    1:4:void <init>():20:20 -> <init>
    1:4:void onCreate():26:26 -> onCreate
org.markazabuhurayrah.kanzatfaal.DelegationService -> org.markazabuhurayrah.kanzatfaal.DelegationService:
# {"id":"sourceFile","fileName":"DelegationService.java"}
    1:4:void <init>():5:5 -> <init>
    1:4:void onCreate():9:9 -> onCreate
org.markazabuhurayrah.kanzatfaal.LauncherActivity -> org.markazabuhurayrah.kanzatfaal.LauncherActivity:
# {"id":"sourceFile","fileName":"LauncherActivity.java"}
    1:4:void <init>():25:25 -> <init>
    1:5:android.net.Uri getLaunchingUrl():48:48 -> i
    1:3:void onCreate(android.os.Bundle):33:33 -> onCreate
    4:10:void onCreate(android.os.Bundle):38:38 -> onCreate
    11:14:void onCreate(android.os.Bundle):39:39 -> onCreate
    15:18:void onCreate(android.os.Bundle):41:41 -> onCreate
...
androidx.core.view.WindowInsetsCompat$Impl29$$ExternalSyntheticApiModelOutline3 -> androidx.core.view.P:
# {"id":"sourceFile","fileName":"R8$$SyntheticClass"}
# {"id":"com.android.tools.r8.synthesized"}
    1:1:android.graphics.Insets m(android.view.WindowInsets):0:0 -> a
      # {"id":"com.android.tools.r8.synthesized"}
androidx.core.view.WindowInsetsCompat$Impl30 -> androidx.core.view.B$k:
# {"id":"sourceFile","fileName":"WindowInsetsCompat.java"}
    androidx.core.view.WindowInsetsCompat CONSUMED -> q
      # {"id":"com.android.tools.r8.residualsignature","signature":"Landroidx/core/view/B;"}
    1:11:void <clinit>():1350:1350 -> <clinit>
    1:1:void <init>(androidx.core.view.WindowInsetsCompat,android.view.WindowInsets):1353:1353 -> <init>
      # {"id":"com.android.tools.r8.residualsignature","signature":"(Landroidx/core/view/B;Landroid/view/WindowInsets;)V"}
    2:2:void <init>(androidx.core.view.WindowInsetsCompat,androidx.core.view.WindowInsetsCompat$Impl30):1357:1357 -> <init>
      # {"id":"com.android.tools.r8.residualsignature","signature":"(Landroidx/core/view/B;Landroidx/core/view/B$k;)V"}
    1:1:void copyRootViewBounds(android.view.View):0:0 -> d
    1:2:androidx.core.graphics.Insets getInsets(int):1363:1363 -> g
      # {"id":"com.android.tools.r8.residualsignature","signature":"(I)Landroidx/core/graphics/f;"}
    3:10:androidx.core.graphics.Insets getInsets(int):1364:1364 -> g
    11:15:androidx.core.graphics.Insets getInsets(int):1363:1363 -> g
androidx.core.view.WindowInsetsCompat$Impl30$$ExternalSyntheticApiModelOutline0 -> androidx.core.view.Q:
# {"id":"sourceFile","fileName":"R8$$SyntheticClass"}
# {"id":"com.android.tools.r8.synthesized"}
    1:1:android.graphics.Insets m(android.view.WindowInsets,int):0:0 -> a
      # {"id":"com.android.tools.r8.synthesized"}
androidx.core.view.WindowInsetsCompat$Impl30$$ExternalSyntheticApiModelOutline1 -> androidx.core.view.S:
# {"id":"sourceFile","fileName":"R8$$SyntheticClass"}
# {"id":"com.android.tools.r8.synthesized"}
    1:1:android.view.WindowInsets m():0:0 -> a
      # {"id":"com.android.tools.r8.synthesized"}
androidx.core.view.WindowInsetsCompat$Type -> androidx.core.view.B$m:
# {"id":"sourceFile","fileName":"WindowInsetsCompat.java"}
    35:70:int indexOf(int):2045:2045 -> a
androidx.core.view.WindowInsetsCompat$TypeImpl30 -> androidx.core.view.B$n:
# {"id":"sourceFile","fileName":"WindowInsetsCompat.java"}
    41:46:int toPlatformType(int):2094:2094 -> a
    47:51:int toPlatformType(int):2091:2091 -> a
    52:56:int toPlatformType(int):2088:2088 -> a
    57:61:int toPlatformType(int):2085:2085 -> a
    62:66:int toPlatformType(int):2082:2082 -> a
    67:71:int toPlatformType(int):2079:2079 -> a
    72:76:int toPlatformType(int):2076:2076 -> a
    77:85:int toPlatformType(int):2073:2073 -> a
androidx.core.view.WindowInsetsCompat$TypeImpl30$$ExternalSyntheticApiModelOutline0 -> androidx.core.view.T:
# {"id":"sourceFile","fileName":"R8$$SyntheticClass"}
# {"id":"com.android.tools.r8.synthesized"}
    1:1:int m():0:0 -> a
      # {"id":"com.android.tools.r8.synthesized"}
androidx.core.view.WindowInsetsCompat$TypeImpl30$$ExternalSyntheticApiModelOutline1 -> androidx.core.view.U:
# {"id":"sourceFile","fileName":"R8$$SyntheticClass"}
# {"id":"com.android.tools.r8.synthesized"}
    1:1:int m():0:0 -> a
      # {"id":"com.android.tools.r8.synthesized"}
androidx.core.view.WindowInsetsCompat$TypeImpl30$$ExternalSyntheticApiModelOutline2 -> androidx.core.view.V:
# {"id":"sourceFile","fileName":"R8$$SyntheticClass"}
# {"id":"com.android.tools.r8.synthesized"}
    1:1:int m():0:0 -> a
      # {"id":"com.android.tools.r8.synthesized"}
androidx.core.view.WindowInsetsCompat$TypeImpl30$$ExternalSyntheticApiModelOutline3 -> androidx.core.view.W:
# {"id":"sourceFile","fileName":"R8$$SyntheticClass"}
# {"id":"com.android.tools.r8.synthesized"}
    1:1:int m():0:0 -> a
      # {"id":"com.android.tools.r8.synthesized"}